<?xml version="1.0" encoding="UTF-8"?>
<testng-results ignored="0" total="2" passed="2" failed="0" skipped="0">
  <reporter-output>
  </reporter-output>
  <suite started-at="2022-09-11T19:19:34 IST" name="Suite" finished-at="2022-09-11T19:19:34 IST" duration-ms="118">
    <groups>
    </groups>
    <test started-at="2022-09-11T19:19:34 IST" name="Test" finished-at="2022-09-11T19:19:34 IST" duration-ms="118">
      <class name="testPackage.TestNG$TestClass_TestNG">
        <test-method is-config="true" signature="beforeClass()[pri:0, instance:testPackage.TestNG$TestClass_TestNG@4f18837a]" started-at="2022-09-11T19:19:34 IST" name="beforeClass" finished-at="2022-09-11T19:19:34 IST" duration-ms="17" status="PASS">
          <reporter-output>
          </reporter-output>
        </test-method> <!-- beforeClass -->
        <test-method is-config="true" signature="beforemethod()[pri:0, instance:testPackage.TestNG$TestClass_TestNG@4f18837a]" started-at="2022-09-11T19:19:34 IST" name="beforemethod" finished-at="2022-09-11T19:19:34 IST" duration-ms="1" status="PASS">
          <reporter-output>
          </reporter-output>
        </test-method> <!-- beforemethod -->
        <test-method signature="TestB()[pri:1, instance:testPackage.TestNG$TestClass_TestNG@4f18837a]" started-at="2022-09-11T19:19:34 IST" name="TestB" finished-at="2022-09-11T19:19:34 IST" duration-ms="12" status="PASS">
          <reporter-output>
          </reporter-output>
        </test-method> <!-- TestB -->
        <test-method is-config="true" signature="afterMethod()[pri:0, instance:testPackage.TestNG$TestClass_TestNG@4f18837a]" started-at="2022-09-11T19:19:34 IST" name="afterMethod" finished-at="2022-09-11T19:19:34 IST" duration-ms="0" status="PASS">
          <reporter-output>
          </reporter-output>
        </test-method> <!-- afterMethod -->
        <test-method is-config="true" signature="beforemethod()[pri:0, instance:testPackage.TestNG$TestClass_TestNG@4f18837a]" started-at="2022-09-11T19:19:34 IST" name="beforemethod" finished-at="2022-09-11T19:19:34 IST" duration-ms="1" status="PASS">
          <reporter-output>
          </reporter-output>
        </test-method> <!-- beforemethod -->
        <test-method signature="TestA()[pri:2, instance:testPackage.TestNG$TestClass_TestNG@4f18837a]" started-at="2022-09-11T19:19:34 IST" name="TestA" finished-at="2022-09-11T19:19:34 IST" duration-ms="3" status="PASS">
          <reporter-output>
          </reporter-output>
        </test-method> <!-- TestA -->
        <test-method is-config="true" signature="afterMethod()[pri:0, instance:testPackage.TestNG$TestClass_TestNG@4f18837a]" started-at="2022-09-11T19:19:34 IST" name="afterMethod" finished-at="2022-09-11T19:19:34 IST" duration-ms="1" status="PASS">
          <reporter-output>
          </reporter-output>
        </test-method> <!-- afterMethod -->
        <test-method is-config="true" signature="afterClass()[pri:0, instance:testPackage.TestNG$TestClass_TestNG@4f18837a]" started-at="2022-09-11T19:19:34 IST" name="afterClass" finished-at="2022-09-11T19:19:34 IST" duration-ms="1" status="PASS">
          <reporter-output>
          </reporter-output>
        </test-method> <!-- afterClass -->
      </class> <!-- testPackage.TestNG$TestClass_TestNG -->
    </test> <!-- Test -->
  </suite> <!-- Suite -->
</testng-results>
